

Version:	3.9
CmdLine:	C:\Users\Nicholas\workspace\DTSA2\Installer\DTSA-II Build\DTSA-II.exe --l4j-debug
WOW64:		yes
64-bit search:	SOFTWARE\JavaSoft\Java Runtime Environment...
Check:		SOFTWARE\JavaSoft\Java Runtime Environment\1.8
Ignore:		1.8
Check:		SOFTWARE\JavaSoft\Java Runtime Environment\1.8.0_121
Check launcher:	C:\Program Files\Java\jre1.8.0_121\bin\javaw.exe (OK)
Match:		1.8.0_121
64-bit search:	SOFTWARE\JavaSoft\Java Development Kit...
Check:		SOFTWARE\JavaSoft\Java Development Kit\1.8
Ignore:		1.8
Check:		SOFTWARE\JavaSoft\Java Development Kit\1.8.0_111
Ignore:		1.8.0_111
Runtime used:	1.8.0_121 (64-bit)
Heap -Xms:	Requested 0 MB / 10%, Available: 1026 MB, Heap size: 102 MB
Heap -Xmx:	Requested 0 MB / 50%, Available: 1026 MB, Heap size: 513 MB
Launcher:	C:\Program Files\Java\jre1.8.0_121\bin\javaw.exe
Launcher args:	-Xms102m -Xmx513m -jar "C:\Users\Nicholas\workspace\DTSA2\Installer\DTSA-II Build\dtsa2.jar"
Args length:	92/32768 chars
Exit code:	0


Version:	3.10
CmdLine:	C:\Users\nritchie.NIST\Workspace\DTSA2\Installer\DTSA-II Build\GlassDatabase.exe --l4j-debug
WOW64:		yes
Working dir:	C:\Users\nritchie.NIST\Workspace\DTSA2\Installer\DTSA-II Build\.
Java min ver:	1.8.0
Java max ver:	
64-bit search:	SOFTWARE\JavaSoft\Java Runtime Environment...
32-bit search:	SOFTWARE\JavaSoft\Java Runtime Environment...
Check:		SOFTWARE\JavaSoft\Java Runtime Environment\1.8
Ignore:		1.8
Check:		SOFTWARE\JavaSoft\Java Runtime Environment\1.8.0_172
Check launcher:	C:\Program Files (x86)\Java\jre1.8.0_172\bin\javaw.exe (OK)
Match:		1.8.0_172
64-bit search:	SOFTWARE\JavaSoft\Java Development Kit...
Check:		SOFTWARE\JavaSoft\Java Development Kit\1.8
Ignore:		1.8
Check:		SOFTWARE\JavaSoft\Java Development Kit\1.8.0_171
Ignore:		1.8.0_171
32-bit search:	SOFTWARE\JavaSoft\Java Development Kit...
64-bit search:	SOFTWARE\JavaSoft\JRE...
Check:		SOFTWARE\JavaSoft\JRE\10.0.1
Check launcher:	C:\Program Files\Java\jre-10.0.1\bin\javaw.exe (OK)
Match:		10.0.1
64-bit search:	SOFTWARE\JavaSoft\JDK...
Runtime used:	10.0.1 (64-bit)
Heap -Xms:	Requested 64 MB / 0%, Available: 5926 MB, Heap size: 64 MB
Heap -Xmx:	Requested 256 MB / 0%, Available: 5926 MB, Heap size: 256 MB
Launcher:	C:\Program Files\Java\jre-10.0.1\bin\javaw.exe
Launcher args:	-Xms64m -Xmx256m -jar "C:\Users\nritchie.NIST\Workspace\DTSA2\Installer\DTSA-II Build\GlassDatabase.exe"
Args length:	104/32768 chars
Exit code:	0
